
 | Iam|17.06.2021 18:56:42| 200 OK Operation success!
 | Iam|17.06.2021 19:01:34|                200 OK Operation success!
 | Iam|17.06.2021 19:01:44|                200 OK Operation success!
 | Iam|17.06.2021 19:01:54|                200 OK Operation success!
 | Iam|23.06.2021 22:31:26|
            200 OK Operation success!
 | Iam|23.06.2021 22:33:16|
            200 OK Operation success!
 | Iam|23.06.2021 22:33:36|
            200 OK Operation success!
 | Iam|23.06.2021 22:58:05|
                    200 OK Operation success!
 | Iam|23.06.2021 22:59:42|
                    200 OK Operation success!
 | Iam|23.06.2021 23:01:44|
                    200 OK Operation success!
 | Iam|23.06.2021 23:01:54|
                    200 OK Operation success!
 | Iam|23.06.2021 23:02:55|
                    200 OK Operation success!
 | Iam|23.06.2021 23:03:05|
                    200 OK Operation success!
 | Iam|23.06.2021 23:06:48|
                    200 OK Operation success!
 | etish|23.06.2021 23:15:47|
                    200 OK Operation success!
 | etish|23.06.2021 23:16:36|
                    200 OK Operation success!
